{"/home/paul/projects/web/ts/Taskmaster/server/server.js": {"path":"/home/paul/projects/web/ts/Taskmaster/server/server.js","statementMap":{"0":{"start":{"line":1,"column":16},"end":{"line":1,"column":34}},"1":{"start":{"line":2,"column":12},"end":{"line":2,"column":21}},"2":{"start":{"line":3,"column":19},"end":{"line":3,"column":41}},"3":{"start":{"line":4,"column":15},"end":{"line":4,"column":32}},"4":{"start":{"line":5,"column":13},"end":{"line":5,"column":28}},"5":{"start":{"line":6,"column":11},"end":{"line":6,"column":24}},"6":{"start":{"line":7,"column":23},"end":{"line":7,"column":49}},"7":{"start":{"line":8,"column":17},"end":{"line":8,"column":36}},"8":{"start":{"line":9,"column":13},"end":{"line":9,"column":28}},"9":{"start":{"line":10,"column":28},"end":{"line":10,"column":50}},"10":{"start":{"line":12,"column":28},"end":{"line":12,"column":55}},"11":{"start":{"line":13,"column":11},"end":{"line":13,"column":37}},"12":{"start":{"line":15,"column":19},"end":{"line":15,"column":51}},"13":{"start":{"line":16,"column":19},"end":{"line":16,"column":50}},"14":{"start":{"line":17,"column":20},"end":{"line":17,"column":52}},"15":{"start":{"line":19,"column":22},"end":{"line":19,"column":43}},"16":{"start":{"line":21,"column":23},"end":{"line":21,"column":54}},"17":{"start":{"line":23,"column":0},"end":{"line":23,"column":39}},"18":{"start":{"line":25,"column":0},"end":{"line":25,"column":31}},"19":{"start":{"line":26,"column":0},"end":{"line":26,"column":28}},"20":{"start":{"line":28,"column":0},"end":{"line":28,"column":27}},"21":{"start":{"line":30,"column":0},"end":{"line":30,"column":28}},"22":{"start":{"line":34,"column":0},"end":{"line":52,"column":1}},"23":{"start":{"line":35,"column":4},"end":{"line":38,"column":8}},"24":{"start":{"line":37,"column":36},"end":{"line":37,"column":63}},"25":{"start":{"line":40,"column":4},"end":{"line":42,"column":8}},"26":{"start":{"line":44,"column":3},"end":{"line":46,"column":5}},"27":{"start":{"line":48,"column":7},"end":{"line":52,"column":1}},"28":{"start":{"line":49,"column":4},"end":{"line":51,"column":6}},"29":{"start":{"line":54,"column":0},"end":{"line":54,"column":27}},"30":{"start":{"line":56,"column":0},"end":{"line":56,"column":81}},"31":{"start":{"line":56,"column":38},"end":{"line":56,"column":77}},"32":{"start":{"line":58,"column":0},"end":{"line":58,"column":20}},"33":{"start":{"line":59,"column":0},"end":{"line":59,"column":20}},"34":{"start":{"line":60,"column":0},"end":{"line":60,"column":21}},"35":{"start":{"line":62,"column":0},"end":{"line":67,"column":3}},"36":{"start":{"line":63,"column":4},"end":{"line":63,"column":50}},"37":{"start":{"line":65,"column":4},"end":{"line":65,"column":54}},"38":{"start":{"line":66,"column":4},"end":{"line":66,"column":23}}},"fnMap":{"0":{"name":"(anonymous_0)","decl":{"start":{"line":37,"column":14},"end":{"line":37,"column":15}},"loc":{"start":{"line":37,"column":34},"end":{"line":37,"column":65}},"line":37},"1":{"name":"(anonymous_1)","decl":{"start":{"line":56,"column":16},"end":{"line":56,"column":17}},"loc":{"start":{"line":56,"column":36},"end":{"line":56,"column":79}},"line":56},"2":{"name":"(anonymous_2)","decl":{"start":{"line":62,"column":28},"end":{"line":62,"column":29}},"loc":{"start":{"line":62,"column":34},"end":{"line":64,"column":1}},"line":62},"3":{"name":"(anonymous_3)","decl":{"start":{"line":64,"column":9},"end":{"line":64,"column":10}},"loc":{"start":{"line":64,"column":20},"end":{"line":67,"column":1}},"line":64}},"branchMap":{"0":{"loc":{"start":{"line":34,"column":0},"end":{"line":52,"column":1}},"type":"if","locations":[{"start":{"line":34,"column":0},"end":{"line":52,"column":1}},{"start":{"line":48,"column":7},"end":{"line":52,"column":1}}],"line":34},"1":{"loc":{"start":{"line":48,"column":7},"end":{"line":52,"column":1}},"type":"if","locations":[{"start":{"line":48,"column":7},"end":{"line":52,"column":1}},{"start":{},"end":{}}],"line":48}},"s":{"0":1,"1":1,"2":1,"3":1,"4":1,"5":1,"6":1,"7":1,"8":1,"9":1,"10":1,"11":1,"12":1,"13":1,"14":1,"15":1,"16":1,"17":1,"18":1,"19":1,"20":1,"21":1,"22":1,"23":1,"24":0,"25":1,"26":1,"27":0,"28":0,"29":1,"30":1,"31":0,"32":1,"33":1,"34":1,"35":1,"36":0,"37":0,"38":0},"f":{"0":0,"1":0,"2":0,"3":0},"b":{"0":[1,0],"1":[0,0]},"_coverageSchema":"1a1c01bbd47fc00a2c39e90264f33305004495a9","hash":"52d82ab11d05070f9aafd2f3fd48a922a468a732"}
,"/home/paul/projects/web/ts/Taskmaster/server/config/session.js": {"path":"/home/paul/projects/web/ts/Taskmaster/server/config/session.js","statementMap":{"0":{"start":{"line":1,"column":23},"end":{"line":1,"column":49}},"1":{"start":{"line":2,"column":21},"end":{"line":2,"column":55}},"2":{"start":{"line":4,"column":27},"end":{"line":14,"column":1}},"3":{"start":{"line":5,"column":25},"end":{"line":5,"column":53}},"4":{"start":{"line":7,"column":18},"end":{"line":11,"column":6}},"5":{"start":{"line":13,"column":4},"end":{"line":13,"column":17}},"6":{"start":{"line":16,"column":28},"end":{"line":26,"column":1}},"7":{"start":{"line":17,"column":4},"end":{"line":25,"column":6}},"8":{"start":{"line":28,"column":0},"end":{"line":28,"column":37}}},"fnMap":{"0":{"name":"(anonymous_0)","decl":{"start":{"line":4,"column":27},"end":{"line":4,"column":28}},"loc":{"start":{"line":4,"column":33},"end":{"line":14,"column":1}},"line":4},"1":{"name":"(anonymous_1)","decl":{"start":{"line":16,"column":28},"end":{"line":16,"column":29}},"loc":{"start":{"line":16,"column":34},"end":{"line":26,"column":1}},"line":16}},"branchMap":{},"s":{"0":1,"1":1,"2":1,"3":1,"4":1,"5":1,"6":1,"7":1,"8":1},"f":{"0":1,"1":1},"b":{},"_coverageSchema":"1a1c01bbd47fc00a2c39e90264f33305004495a9","hash":"32b846c9e9382ef49077dbae9c384df954f6eeda"}
,"/home/paul/projects/web/ts/Taskmaster/server/controllers/auth-controller.js": {"path":"/home/paul/projects/web/ts/Taskmaster/server/controllers/auth-controller.js","statementMap":{"0":{"start":{"line":1,"column":13},"end":{"line":1,"column":44}},"1":{"start":{"line":2,"column":23},"end":{"line":2,"column":55}},"2":{"start":{"line":3,"column":12},"end":{"line":3,"column":35}},"3":{"start":{"line":4,"column":11},"end":{"line":4,"column":24}},"4":{"start":{"line":6,"column":15},"end":{"line":46,"column":1}},"5":{"start":{"line":8,"column":4},"end":{"line":13,"column":5}},"6":{"start":{"line":12,"column":8},"end":{"line":12,"column":65}},"7":{"start":{"line":15,"column":17},"end":{"line":20,"column":5}},"8":{"start":{"line":22,"column":4},"end":{"line":31,"column":5}},"9":{"start":{"line":30,"column":8},"end":{"line":30,"column":72}},"10":{"start":{"line":33,"column":4},"end":{"line":43,"column":5}},"11":{"start":{"line":34,"column":30},"end":{"line":34,"column":56}},"12":{"start":{"line":36,"column":8},"end":{"line":38,"column":9}},"13":{"start":{"line":37,"column":12},"end":{"line":37,"column":64}},"14":{"start":{"line":40,"column":8},"end":{"line":40,"column":28}},"15":{"start":{"line":42,"column":8},"end":{"line":42,"column":27}},"16":{"start":{"line":45,"column":4},"end":{"line":45,"column":61}},"17":{"start":{"line":48,"column":14},"end":{"line":88,"column":1}},"18":{"start":{"line":49,"column":17},"end":{"line":49,"column":60}},"19":{"start":{"line":52,"column":4},"end":{"line":56,"column":5}},"20":{"start":{"line":53,"column":8},"end":{"line":53,"column":57}},"21":{"start":{"line":55,"column":8},"end":{"line":55,"column":76}},"22":{"start":{"line":58,"column":29},"end":{"line":62,"column":5}},"23":{"start":{"line":64,"column":4},"end":{"line":66,"column":5}},"24":{"start":{"line":65,"column":8},"end":{"line":65,"column":82}},"25":{"start":{"line":68,"column":30},"end":{"line":70,"column":5}},"26":{"start":{"line":72,"column":4},"end":{"line":74,"column":5}},"27":{"start":{"line":73,"column":8},"end":{"line":73,"column":82}},"28":{"start":{"line":76,"column":28},"end":{"line":76,"column":60}},"29":{"start":{"line":78,"column":27},"end":{"line":82,"column":6}},"30":{"start":{"line":84,"column":4},"end":{"line":87,"column":7}},"31":{"start":{"line":90,"column":15},"end":{"line":92,"column":1}},"32":{"start":{"line":91,"column":4},"end":{"line":91,"column":27}},"33":{"start":{"line":94,"column":0},"end":{"line":98,"column":2}}},"fnMap":{"0":{"name":"(anonymous_0)","decl":{"start":{"line":6,"column":15},"end":{"line":6,"column":16}},"loc":{"start":{"line":6,"column":41},"end":{"line":46,"column":1}},"line":6},"1":{"name":"(anonymous_1)","decl":{"start":{"line":48,"column":14},"end":{"line":48,"column":15}},"loc":{"start":{"line":48,"column":40},"end":{"line":88,"column":1}},"line":48},"2":{"name":"(anonymous_2)","decl":{"start":{"line":90,"column":15},"end":{"line":90,"column":16}},"loc":{"start":{"line":90,"column":41},"end":{"line":92,"column":1}},"line":90}},"branchMap":{"0":{"loc":{"start":{"line":8,"column":4},"end":{"line":13,"column":5}},"type":"if","locations":[{"start":{"line":8,"column":4},"end":{"line":13,"column":5}},{"start":{},"end":{}}],"line":8},"1":{"loc":{"start":{"line":8,"column":8},"end":{"line":11,"column":33}},"type":"binary-expr","locations":[{"start":{"line":8,"column":8},"end":{"line":8,"column":30}},{"start":{"line":9,"column":11},"end":{"line":9,"column":36}},{"start":{"line":10,"column":11},"end":{"line":10,"column":33}},{"start":{"line":11,"column":11},"end":{"line":11,"column":33}}],"line":8},"2":{"loc":{"start":{"line":22,"column":4},"end":{"line":31,"column":5}},"type":"if","locations":[{"start":{"line":22,"column":4},"end":{"line":31,"column":5}},{"start":{},"end":{}}],"line":22},"3":{"loc":{"start":{"line":36,"column":8},"end":{"line":38,"column":9}},"type":"if","locations":[{"start":{"line":36,"column":8},"end":{"line":38,"column":9}},{"start":{},"end":{}}],"line":36},"4":{"loc":{"start":{"line":64,"column":4},"end":{"line":66,"column":5}},"type":"if","locations":[{"start":{"line":64,"column":4},"end":{"line":66,"column":5}},{"start":{},"end":{}}],"line":64},"5":{"loc":{"start":{"line":72,"column":4},"end":{"line":74,"column":5}},"type":"if","locations":[{"start":{"line":72,"column":4},"end":{"line":74,"column":5}},{"start":{},"end":{}}],"line":72}},"s":{"0":1,"1":1,"2":1,"3":1,"4":1,"5":0,"6":0,"7":0,"8":0,"9":0,"10":0,"11":0,"12":0,"13":0,"14":0,"15":0,"16":0,"17":1,"18":0,"19":0,"20":0,"21":0,"22":0,"23":0,"24":0,"25":0,"26":0,"27":0,"28":0,"29":0,"30":0,"31":1,"32":0,"33":1},"f":{"0":0,"1":0,"2":0},"b":{"0":[0,0],"1":[0,0,0,0],"2":[0,0],"3":[0,0],"4":[0,0],"5":[0,0]},"_coverageSchema":"1a1c01bbd47fc00a2c39e90264f33305004495a9","hash":"bd3174da38017058a4f0cda9eb82e757208a07d4"}
,"/home/paul/projects/web/ts/Taskmaster/server/controllers/tasks-controller.js": {"path":"/home/paul/projects/web/ts/Taskmaster/server/controllers/tasks-controller.js","statementMap":{"0":{"start":{"line":1,"column":13},"end":{"line":1,"column":44}},"1":{"start":{"line":2,"column":23},"end":{"line":2,"column":55}},"2":{"start":{"line":4,"column":19},"end":{"line":16,"column":1}},"3":{"start":{"line":6,"column":4},"end":{"line":15,"column":5}},"4":{"start":{"line":14,"column":8},"end":{"line":14,"column":76}},"5":{"start":{"line":18,"column":17},"end":{"line":33,"column":1}},"6":{"start":{"line":20,"column":4},"end":{"line":22,"column":5}},"7":{"start":{"line":21,"column":8},"end":{"line":21,"column":64}},"8":{"start":{"line":25,"column":4},"end":{"line":25,"column":65}},"9":{"start":{"line":27,"column":4},"end":{"line":31,"column":5}},"10":{"start":{"line":28,"column":8},"end":{"line":28,"column":58}},"11":{"start":{"line":30,"column":8},"end":{"line":30,"column":72}},"12":{"start":{"line":35,"column":0},"end":{"line":38,"column":2}}},"fnMap":{"0":{"name":"(anonymous_0)","decl":{"start":{"line":4,"column":19},"end":{"line":4,"column":20}},"loc":{"start":{"line":4,"column":45},"end":{"line":16,"column":1}},"line":4},"1":{"name":"(anonymous_1)","decl":{"start":{"line":18,"column":17},"end":{"line":18,"column":18}},"loc":{"start":{"line":18,"column":43},"end":{"line":33,"column":1}},"line":18}},"branchMap":{"0":{"loc":{"start":{"line":6,"column":4},"end":{"line":15,"column":5}},"type":"if","locations":[{"start":{"line":6,"column":4},"end":{"line":15,"column":5}},{"start":{},"end":{}}],"line":6},"1":{"loc":{"start":{"line":7,"column":8},"end":{"line":12,"column":31}},"type":"binary-expr","locations":[{"start":{"line":7,"column":8},"end":{"line":7,"column":24}},{"start":{"line":8,"column":8},"end":{"line":8,"column":36}},{"start":{"line":9,"column":8},"end":{"line":9,"column":33}},{"start":{"line":10,"column":8},"end":{"line":10,"column":32}},{"start":{"line":11,"column":8},"end":{"line":11,"column":35}},{"start":{"line":12,"column":8},"end":{"line":12,"column":31}}],"line":7},"2":{"loc":{"start":{"line":20,"column":4},"end":{"line":22,"column":5}},"type":"if","locations":[{"start":{"line":20,"column":4},"end":{"line":22,"column":5}},{"start":{},"end":{}}],"line":20}},"s":{"0":1,"1":1,"2":1,"3":0,"4":0,"5":1,"6":0,"7":0,"8":0,"9":0,"10":0,"11":0,"12":1},"f":{"0":0,"1":0},"b":{"0":[0,0],"1":[0,0,0,0,0,0],"2":[0,0]},"_coverageSchema":"1a1c01bbd47fc00a2c39e90264f33305004495a9","hash":"d9dc052e6447be08dfc01ac2a23934f1b998520d"}
,"/home/paul/projects/web/ts/Taskmaster/server/controllers/users-controller.js": {"path":"/home/paul/projects/web/ts/Taskmaster/server/controllers/users-controller.js","statementMap":{"0":{"start":{"line":1,"column":13},"end":{"line":1,"column":44}},"1":{"start":{"line":2,"column":23},"end":{"line":2,"column":55}},"2":{"start":{"line":4,"column":20},"end":{"line":12,"column":1}},"3":{"start":{"line":6,"column":4},"end":{"line":11,"column":5}},"4":{"start":{"line":7,"column":22},"end":{"line":7,"column":42}},"5":{"start":{"line":8,"column":8},"end":{"line":8,"column":24}},"6":{"start":{"line":10,"column":8},"end":{"line":10,"column":20}},"7":{"start":{"line":14,"column":20},"end":{"line":21,"column":1}},"8":{"start":{"line":15,"column":4},"end":{"line":20,"column":5}},"9":{"start":{"line":16,"column":21},"end":{"line":16,"column":55}},"10":{"start":{"line":17,"column":8},"end":{"line":17,"column":23}},"11":{"start":{"line":19,"column":8},"end":{"line":19,"column":20}},"12":{"start":{"line":23,"column":0},"end":{"line":26,"column":2}}},"fnMap":{"0":{"name":"(anonymous_0)","decl":{"start":{"line":4,"column":20},"end":{"line":4,"column":21}},"loc":{"start":{"line":4,"column":46},"end":{"line":12,"column":1}},"line":4},"1":{"name":"(anonymous_1)","decl":{"start":{"line":14,"column":20},"end":{"line":14,"column":21}},"loc":{"start":{"line":14,"column":46},"end":{"line":21,"column":1}},"line":14}},"branchMap":{},"s":{"0":1,"1":1,"2":1,"3":0,"4":0,"5":0,"6":0,"7":1,"8":0,"9":0,"10":0,"11":0,"12":1},"f":{"0":0,"1":0},"b":{},"_coverageSchema":"1a1c01bbd47fc00a2c39e90264f33305004495a9","hash":"c7d0b43be8bc62cf6432eae090f4d40e0100c04b"}
,"/home/paul/projects/web/ts/Taskmaster/server/data/database.js": {"path":"/home/paul/projects/web/ts/Taskmaster/server/data/database.js","statementMap":{"0":{"start":{"line":1,"column":16},"end":{"line":1,"column":34}},"1":{"start":{"line":3,"column":20},"end":{"line":3,"column":39}},"2":{"start":{"line":7,"column":26},"end":{"line":10,"column":1}},"3":{"start":{"line":8,"column":19},"end":{"line":8,"column":111}},"4":{"start":{"line":9,"column":4},"end":{"line":9,"column":38}},"5":{"start":{"line":12,"column":20},"end":{"line":18,"column":1}},"6":{"start":{"line":13,"column":4},"end":{"line":15,"column":5}},"7":{"start":{"line":14,"column":8},"end":{"line":14,"column":54}},"8":{"start":{"line":17,"column":4},"end":{"line":17,"column":20}},"9":{"start":{"line":20,"column":0},"end":{"line":23,"column":1}}},"fnMap":{"0":{"name":"(anonymous_0)","decl":{"start":{"line":7,"column":26},"end":{"line":7,"column":27}},"loc":{"start":{"line":7,"column":37},"end":{"line":10,"column":1}},"line":7},"1":{"name":"(anonymous_1)","decl":{"start":{"line":12,"column":20},"end":{"line":12,"column":21}},"loc":{"start":{"line":12,"column":26},"end":{"line":18,"column":1}},"line":12}},"branchMap":{"0":{"loc":{"start":{"line":13,"column":4},"end":{"line":15,"column":5}},"type":"if","locations":[{"start":{"line":13,"column":4},"end":{"line":15,"column":5}},{"start":{},"end":{}}],"line":13}},"s":{"0":1,"1":1,"2":1,"3":1,"4":0,"5":1,"6":0,"7":0,"8":0,"9":1},"f":{"0":1,"1":0},"b":{"0":[0,0]},"_coverageSchema":"1a1c01bbd47fc00a2c39e90264f33305004495a9","hash":"66e67e277c305e84af2004d01732afbe58ffec45"}
,"/home/paul/projects/web/ts/Taskmaster/server/models/task-model.js": {"path":"/home/paul/projects/web/ts/Taskmaster/server/models/task-model.js","statementMap":{"0":{"start":{"line":1,"column":11},"end":{"line":1,"column":38}},"1":{"start":{"line":2,"column":16},"end":{"line":2,"column":34}},"2":{"start":{"line":6,"column":8},"end":{"line":6,"column":39}},"3":{"start":{"line":7,"column":8},"end":{"line":7,"column":33}},"4":{"start":{"line":8,"column":8},"end":{"line":8,"column":31}},"5":{"start":{"line":9,"column":8},"end":{"line":9,"column":37}},"6":{"start":{"line":10,"column":8},"end":{"line":10,"column":29}},"7":{"start":{"line":14,"column":21},"end":{"line":14,"column":65}},"8":{"start":{"line":15,"column":8},"end":{"line":15,"column":76}},"9":{"start":{"line":20,"column":0},"end":{"line":20,"column":22}}},"fnMap":{"0":{"name":"(anonymous_0)","decl":{"start":{"line":5,"column":4},"end":{"line":5,"column":5}},"loc":{"start":{"line":5,"column":68},"end":{"line":11,"column":5}},"line":5},"1":{"name":"(anonymous_1)","decl":{"start":{"line":13,"column":4},"end":{"line":13,"column":5}},"loc":{"start":{"line":13,"column":32},"end":{"line":17,"column":5}},"line":13}},"branchMap":{},"s":{"0":1,"1":1,"2":2,"3":2,"4":2,"5":2,"6":2,"7":0,"8":0,"9":1},"f":{"0":2,"1":0},"b":{},"_coverageSchema":"1a1c01bbd47fc00a2c39e90264f33305004495a9","hash":"be2dd5e3deb8a4e795d4bc66a22df0391cf06f14"}
,"/home/paul/projects/web/ts/Taskmaster/server/models/user-model.js": {"path":"/home/paul/projects/web/ts/Taskmaster/server/models/user-model.js","statementMap":{"0":{"start":{"line":1,"column":11},"end":{"line":1,"column":38}},"1":{"start":{"line":2,"column":16},"end":{"line":2,"column":34}},"2":{"start":{"line":3,"column":15},"end":{"line":3,"column":32}},"3":{"start":{"line":7,"column":8},"end":{"line":7,"column":27}},"4":{"start":{"line":8,"column":8},"end":{"line":8,"column":33}},"5":{"start":{"line":9,"column":8},"end":{"line":9,"column":27}},"6":{"start":{"line":10,"column":8},"end":{"line":10,"column":27}},"7":{"start":{"line":11,"column":8},"end":{"line":11,"column":31}},"8":{"start":{"line":12,"column":8},"end":{"line":12,"column":27}},"9":{"start":{"line":13,"column":8},"end":{"line":13,"column":24}},"10":{"start":{"line":17,"column":8},"end":{"line":17,"column":104}},"11":{"start":{"line":21,"column":21},"end":{"line":21,"column":65}},"12":{"start":{"line":22,"column":8},"end":{"line":22,"column":106}},"13":{"start":{"line":26,"column":8},"end":{"line":26,"column":83}},"14":{"start":{"line":30,"column":29},"end":{"line":30,"column":62}},"15":{"start":{"line":31,"column":8},"end":{"line":32,"column":24}},"16":{"start":{"line":32,"column":12},"end":{"line":32,"column":24}},"17":{"start":{"line":33,"column":8},"end":{"line":33,"column":21}},"18":{"start":{"line":37,"column":34},"end":{"line":37,"column":70}},"19":{"start":{"line":39,"column":8},"end":{"line":47,"column":11}},"20":{"start":{"line":51,"column":8},"end":{"line":51,"column":61}},"21":{"start":{"line":55,"column":0},"end":{"line":55,"column":22}}},"fnMap":{"0":{"name":"(anonymous_0)","decl":{"start":{"line":6,"column":4},"end":{"line":6,"column":5}},"loc":{"start":{"line":6,"column":47},"end":{"line":14,"column":5}},"line":6},"1":{"name":"(anonymous_1)","decl":{"start":{"line":16,"column":4},"end":{"line":16,"column":5}},"loc":{"start":{"line":16,"column":21},"end":{"line":18,"column":5}},"line":16},"2":{"name":"(anonymous_2)","decl":{"start":{"line":20,"column":4},"end":{"line":20,"column":5}},"loc":{"start":{"line":20,"column":28},"end":{"line":23,"column":5}},"line":20},"3":{"name":"(anonymous_3)","decl":{"start":{"line":25,"column":4},"end":{"line":25,"column":5}},"loc":{"start":{"line":25,"column":27},"end":{"line":27,"column":5}},"line":25},"4":{"name":"(anonymous_4)","decl":{"start":{"line":29,"column":4},"end":{"line":29,"column":5}},"loc":{"start":{"line":29,"column":26},"end":{"line":34,"column":5}},"line":29},"5":{"name":"(anonymous_5)","decl":{"start":{"line":36,"column":4},"end":{"line":36,"column":5}},"loc":{"start":{"line":36,"column":19},"end":{"line":48,"column":5}},"line":36},"6":{"name":"(anonymous_6)","decl":{"start":{"line":50,"column":4},"end":{"line":50,"column":5}},"loc":{"start":{"line":50,"column":40},"end":{"line":52,"column":5}},"line":50}},"branchMap":{"0":{"loc":{"start":{"line":31,"column":8},"end":{"line":32,"column":24}},"type":"if","locations":[{"start":{"line":31,"column":8},"end":{"line":32,"column":24}},{"start":{},"end":{}}],"line":31}},"s":{"0":1,"1":1,"2":1,"3":0,"4":0,"5":0,"6":0,"7":0,"8":0,"9":0,"10":0,"11":0,"12":0,"13":0,"14":0,"15":0,"16":0,"17":0,"18":0,"19":0,"20":0,"21":1},"f":{"0":0,"1":0,"2":0,"3":0,"4":0,"5":0,"6":0},"b":{"0":[0,0]},"_coverageSchema":"1a1c01bbd47fc00a2c39e90264f33305004495a9","hash":"a724a665b08355d6754e67620ef604de09dc4927"}
,"/home/paul/projects/web/ts/Taskmaster/server/routes/auth-routes.js": {"path":"/home/paul/projects/web/ts/Taskmaster/server/routes/auth-routes.js","statementMap":{"0":{"start":{"line":1,"column":16},"end":{"line":1,"column":34}},"1":{"start":{"line":3,"column":23},"end":{"line":3,"column":64}},"2":{"start":{"line":5,"column":15},"end":{"line":5,"column":31}},"3":{"start":{"line":7,"column":0},"end":{"line":7,"column":48}},"4":{"start":{"line":9,"column":0},"end":{"line":9,"column":44}},"5":{"start":{"line":11,"column":0},"end":{"line":11,"column":46}},"6":{"start":{"line":13,"column":0},"end":{"line":13,"column":24}}},"fnMap":{},"branchMap":{},"s":{"0":1,"1":1,"2":1,"3":1,"4":1,"5":1,"6":1},"f":{},"b":{},"_coverageSchema":"1a1c01bbd47fc00a2c39e90264f33305004495a9","hash":"984e9d1b0c7ade211f9e00ff044a905dd9770113"}
,"/home/paul/projects/web/ts/Taskmaster/server/routes/tasks-routes.js": {"path":"/home/paul/projects/web/ts/Taskmaster/server/routes/tasks-routes.js","statementMap":{"0":{"start":{"line":1,"column":16},"end":{"line":1,"column":34}},"1":{"start":{"line":3,"column":24},"end":{"line":3,"column":66}},"2":{"start":{"line":5,"column":15},"end":{"line":5,"column":31}},"3":{"start":{"line":7,"column":0},"end":{"line":7,"column":54}},"4":{"start":{"line":9,"column":0},"end":{"line":9,"column":51}},"5":{"start":{"line":11,"column":0},"end":{"line":11,"column":24}}},"fnMap":{},"branchMap":{},"s":{"0":1,"1":1,"2":1,"3":1,"4":1,"5":1},"f":{},"b":{},"_coverageSchema":"1a1c01bbd47fc00a2c39e90264f33305004495a9","hash":"c82b8302871450e899843dc163a47cb5e6d3b5e5"}
,"/home/paul/projects/web/ts/Taskmaster/server/routes/users-routes.js": {"path":"/home/paul/projects/web/ts/Taskmaster/server/routes/users-routes.js","statementMap":{"0":{"start":{"line":1,"column":16},"end":{"line":1,"column":34}},"1":{"start":{"line":3,"column":24},"end":{"line":3,"column":66}},"2":{"start":{"line":5,"column":15},"end":{"line":5,"column":31}},"3":{"start":{"line":7,"column":0},"end":{"line":7,"column":54}},"4":{"start":{"line":9,"column":0},"end":{"line":9,"column":24}}},"fnMap":{},"branchMap":{},"s":{"0":1,"1":1,"2":1,"3":1,"4":1},"f":{},"b":{},"_coverageSchema":"1a1c01bbd47fc00a2c39e90264f33305004495a9","hash":"7b0930bb95dad275af4d733b3154d7d13bad3319"}
,"/home/paul/projects/web/ts/Taskmaster/server/utility/validation.js": {"path":"/home/paul/projects/web/ts/Taskmaster/server/utility/validation.js","statementMap":{"0":{"start":{"line":1,"column":28},"end":{"line":1,"column":29}},"1":{"start":{"line":3,"column":16},"end":{"line":5,"column":1}},"2":{"start":{"line":4,"column":4},"end":{"line":4,"column":41}},"3":{"start":{"line":7,"column":32},"end":{"line":9,"column":1}},"4":{"start":{"line":8,"column":4},"end":{"line":8,"column":101}},"5":{"start":{"line":11,"column":28},"end":{"line":17,"column":1}},"6":{"start":{"line":12,"column":4},"end":{"line":16,"column":6}},"7":{"start":{"line":19,"column":25},"end":{"line":21,"column":1}},"8":{"start":{"line":20,"column":4},"end":{"line":20,"column":34}},"9":{"start":{"line":23,"column":0},"end":{"line":26,"column":1}}},"fnMap":{"0":{"name":"(anonymous_0)","decl":{"start":{"line":3,"column":16},"end":{"line":3,"column":17}},"loc":{"start":{"line":3,"column":27},"end":{"line":5,"column":1}},"line":3},"1":{"name":"(anonymous_1)","decl":{"start":{"line":7,"column":32},"end":{"line":7,"column":33}},"loc":{"start":{"line":7,"column":53},"end":{"line":9,"column":1}},"line":7},"2":{"name":"(anonymous_2)","decl":{"start":{"line":11,"column":28},"end":{"line":11,"column":29}},"loc":{"start":{"line":11,"column":63},"end":{"line":17,"column":1}},"line":11},"3":{"name":"(anonymous_3)","decl":{"start":{"line":19,"column":25},"end":{"line":19,"column":26}},"loc":{"start":{"line":19,"column":50},"end":{"line":21,"column":1}},"line":19}},"branchMap":{"0":{"loc":{"start":{"line":4,"column":11},"end":{"line":4,"column":40}},"type":"binary-expr","locations":[{"start":{"line":4,"column":11},"end":{"line":4,"column":17}},{"start":{"line":4,"column":21},"end":{"line":4,"column":40}}],"line":4},"1":{"loc":{"start":{"line":8,"column":11},"end":{"line":8,"column":100}},"type":"binary-expr","locations":[{"start":{"line":8,"column":11},"end":{"line":8,"column":16}},{"start":{"line":8,"column":20},"end":{"line":8,"column":39}},{"start":{"line":8,"column":43},"end":{"line":8,"column":51}},{"start":{"line":8,"column":55},"end":{"line":8,"column":100}}],"line":8},"2":{"loc":{"start":{"line":13,"column":8},"end":{"line":15,"column":23}},"type":"binary-expr","locations":[{"start":{"line":13,"column":8},"end":{"line":13,"column":48}},{"start":{"line":14,"column":8},"end":{"line":14,"column":23}},{"start":{"line":15,"column":8},"end":{"line":15,"column":23}}],"line":13}},"s":{"0":1,"1":1,"2":0,"3":1,"4":0,"5":1,"6":0,"7":1,"8":0,"9":1},"f":{"0":0,"1":0,"2":0,"3":0},"b":{"0":[0,0],"1":[0,0,0,0],"2":[0,0,0]},"_coverageSchema":"1a1c01bbd47fc00a2c39e90264f33305004495a9","hash":"948e69e75f9d195dc70d08cb4888d231f0e315e9"}
}
